Using pre-set license
Built from '2020.3/staging' branch; Version is '2020.3.17f1 (a4537701e4ab) revision 10769271'; Using compiler version '192528614'; Build Type 'Release'
OS: 'Windows 10 Enterprise; OS build 19041.1415; Version 2004; 64bit' Language: 'zh' Physical Memory: 28566 MB
BatchMode: 1, IsHumanControllingUs: 0, StartBugReporterOnCrash: 0, Is64bit: 1, IsPro: 0

COMMAND LINE ARGUMENTS:
C:\Program Files\Unity\Hub\Editor\2020.3.17f1\Editor\Unity.exe
-adb2
-batchMode
-noUpm
-name
AssetImportWorker0
-projectPath
C:/Users/danny/Desktop/Game/GoldenVolleyball
-logFile
Logs/AssetImportWorker0.log
-srvPort
7519
Successfully changed project path to: C:/Users/danny/Desktop/Game/GoldenVolleyball
C:/Users/danny/Desktop/Game/GoldenVolleyball
Using Asset Import Pipeline V2.
Refreshing native plugins compatible for Editor in 111.01 ms, found 2 plugins.
Preloading 0 native plugins for Editor in 0.00 ms.
Initialize engine version: 2020.3.17f1 (a4537701e4ab)
[Subsystems] Discovering subsystems at path C:/Program Files/Unity/Hub/Editor/2020.3.17f1/Editor/Data/Resources/UnitySubsystems
[Subsystems] Discovering subsystems at path C:/Users/danny/Desktop/Game/GoldenVolleyball/Assets
GfxDevice: creating device client; threaded=0
Direct3D:
    Version:  Direct3D 11.0 [level 11.1]
    Renderer: AMD Radeon(TM) Graphics (ID=0x1636)
    Vendor:   
    VRAM:     14283 MB
    Driver:   30.0.13025.5005
Initialize mono
Mono path[0] = 'C:/Program Files/Unity/Hub/Editor/2020.3.17f1/Editor/Data/Managed'
Mono path[1] = 'C:/Program Files/Unity/Hub/Editor/2020.3.17f1/Editor/Data/MonoBleedingEdge/lib/mono/unityjit'
Mono config path = 'C:/Program Files/Unity/Hub/Editor/2020.3.17f1/Editor/Data/MonoBleedingEdge/etc'
Using monoOptions --debugger-agent=transport=dt_socket,embedding=1,server=y,suspend=n,address=127.0.0.1:56340
Begin MonoManager ReloadAssembly
Registering precompiled unity dll's ...
Register platform support module: C:/Program Files/Unity/Hub/Editor/2020.3.17f1/Editor/Data/PlaybackEngines/WindowsStandaloneSupport/UnityEditor.WindowsStandalone.Extensions.dll
Registered in 0.010605 seconds.
Native extension for WindowsStandalone target not found
Refreshing native plugins compatible for Editor in 113.84 ms, found 2 plugins.
Preloading 0 native plugins for Editor in 0.00 ms.
Mono: successfully reloaded assembly
- Completed reload, in  1.994 seconds
Domain Reload Profiling:
	ReloadAssembly (1995ms)
		BeginReloadAssembly (132ms)
			ExecutionOrderSort (0ms)
			DisableScriptedObjects (0ms)
			BackupInstance (0ms)
			ReleaseScriptingObjects (0ms)
			CreateAndSetChildDomain (1ms)
		EndReloadAssembly (549ms)
			LoadAssemblies (122ms)
			RebuildTransferFunctionScriptingTraits (0ms)
			SetupTypeCache (158ms)
			ReleaseScriptCaches (0ms)
			RebuildScriptCaches (31ms)
			SetupLoadedEditorAssemblies (240ms)
				LogAssemblyErrors (0ms)
				InitializePlatformSupportModulesInManaged (6ms)
				SetLoadedEditorAssemblies (0ms)
				RefreshPlugins (114ms)
				BeforeProcessingInitializeOnLoad (17ms)
				ProcessInitializeOnLoadAttributes (74ms)
				ProcessInitializeOnLoadMethodAttributes (28ms)
				AfterProcessingInitializeOnLoad (0ms)
				EditorAssembliesLoaded (0ms)
			ExecutionOrderSort2 (0ms)
			AwakeInstancesAfterBackupRestoration (0ms)
Platform modules already initialized, skipping
Registering precompiled user dll's ...
Registered in 0.015844 seconds.
Begin MonoManager ReloadAssembly
Native extension for WindowsStandalone target not found
Refreshing native plugins compatible for Editor in 113.96 ms, found 2 plugins.
Preloading 0 native plugins for Editor in 0.00 ms.
Mono: successfully reloaded assembly
- Completed reload, in  1.617 seconds
Domain Reload Profiling:
	ReloadAssembly (1618ms)
		BeginReloadAssembly (225ms)
			ExecutionOrderSort (0ms)
			DisableScriptedObjects (4ms)
			BackupInstance (0ms)
			ReleaseScriptingObjects (0ms)
			CreateAndSetChildDomain (19ms)
		EndReloadAssembly (1280ms)
			LoadAssemblies (176ms)
			RebuildTransferFunctionScriptingTraits (0ms)
			SetupTypeCache (324ms)
			ReleaseScriptCaches (0ms)
			RebuildScriptCaches (48ms)
			SetupLoadedEditorAssemblies (632ms)
				LogAssemblyErrors (0ms)
				InitializePlatformSupportModulesInManaged (5ms)
				SetLoadedEditorAssemblies (0ms)
				RefreshPlugins (114ms)
				BeforeProcessingInitializeOnLoad (128ms)
				ProcessInitializeOnLoadAttributes (344ms)
				ProcessInitializeOnLoadMethodAttributes (4ms)
				AfterProcessingInitializeOnLoad (36ms)
				EditorAssembliesLoaded (0ms)
			ExecutionOrderSort2 (0ms)
			AwakeInstancesAfterBackupRestoration (6ms)
Platform modules already initialized, skipping
========================================================================
Worker process is ready to serve import requests
Launched and connected shader compiler UnityShaderCompiler.exe after 0.05 seconds
Refreshing native plugins compatible for Editor in 1.73 ms, found 2 plugins.
Preloading 0 native plugins for Editor in 0.00 ms.
Unloading 1860 Unused Serialized files (Serialized files now loaded: 0)
System memory in use before: 105.3 MB.
System memory in use after: 105.4 MB.

Unloading 21 unused Assets to reduce memory usage. Loaded Objects now: 2319.
Total: 4.339500 ms (FindLiveObjects: 0.466100 ms CreateObjectMapping: 0.058500 ms MarkObjects: 3.731600 ms  DeleteObjects: 0.080300 ms)

AssetImportParameters requested are different than current active one (requested -> active):
  custom:framework-win-MediaFoundation: 216162199b28c13a410421893ffa2e32 -> 
  custom:video-decoder-ogg-theora: a1e56fd34408186e4bbccfd4996cb3dc -> 
  custom:container-muxer-webm: aa71ff27fc2769a1b78a27578f13a17b -> 
  custom:container-demuxer-webm: 4f35f7cbe854078d1ac9338744f61a02 -> 
  custom:container-demuxer-ogg: 62fdf1f143b41e24485cea50d1cbac27 -> 
  custom:video-encoder-webm-vp8: eb34c28f22e8b96e1ab97ce403110664 -> 
  custom:video-decoder-webm-vp8: 9c59270c3fd7afecdb556c50c9e8de78 -> 
  custom:audio-decoder-ogg-vorbis: bf7c407c2cedff20999df2af8eb42d56 -> 
  custom:audio-encoder-webm-vorbis: bf7c407c2cedff20999df2af8eb42d56 -> 
========================================================================
Received Import Request.
  path: Assets/Scenes/InitialScene.unity
  artifactKey: Guid(4ca089131b1db1b4a9c91bb4d05c4ecf) Importer(815301076,1909f56bfc062723c751e8b465ee728b)
Start importing Assets/Scenes/InitialScene.unity using Guid(4ca089131b1db1b4a9c91bb4d05c4ecf) Importer(815301076,1909f56bfc062723c751e8b465ee728b)  -> (artifact id: 'e86bdcc7704acb722606d18b7d552ad0') in 0.016914 seconds 
  Import took 0.021026 seconds .

========================================================================
Received Import Request.
  Time since last request: 618.373427 seconds.
  path: Assets/UI/menubk.jpg
  artifactKey: Guid(717dd5c2dd1ab5d43a2716e210b7bbef) Importer(815301076,1909f56bfc062723c751e8b465ee728b)
Start importing Assets/UI/menubk.jpg using Guid(717dd5c2dd1ab5d43a2716e210b7bbef) Importer(815301076,1909f56bfc062723c751e8b465ee728b)  -> (artifact id: '3073ab3054facf70b6b7b33cc678b7b4') in 0.154960 seconds 
  Import took 0.158546 seconds .

========================================================================
Received Import Request.
  Time since last request: 6.642955 seconds.
  path: Assets/UI/menubk.jpg
  artifactKey: Guid(717dd5c2dd1ab5d43a2716e210b7bbef) Importer(815301076,1909f56bfc062723c751e8b465ee728b)
Start importing Assets/UI/menubk.jpg using Guid(717dd5c2dd1ab5d43a2716e210b7bbef) Importer(815301076,1909f56bfc062723c751e8b465ee728b)  -> (artifact id: 'ffe08f3208b55ada99368cc0647fe052') in 0.067127 seconds 
  Import took 0.070490 seconds .

========================================================================
Received Import Request.
  Time since last request: 37.360543 seconds.
  path: Assets/UI/menubk2.jpg
  artifactKey: Guid(ee861f2b566f69442a509f2f9a5b3cfb) Importer(815301076,1909f56bfc062723c751e8b465ee728b)
Start importing Assets/UI/menubk2.jpg using Guid(ee861f2b566f69442a509f2f9a5b3cfb) Importer(815301076,1909f56bfc062723c751e8b465ee728b)  -> (artifact id: '92436f5ddb5b89f138296a9b46e94332') in 0.032536 seconds 
  Import took 0.035950 seconds .

========================================================================
Received Import Request.
  Time since last request: 0.005657 seconds.
  path: Assets/UI/menubk2.jpg
  artifactKey: Guid(ee861f2b566f69442a509f2f9a5b3cfb) Importer(815301076,1909f56bfc062723c751e8b465ee728b)
Start importing Assets/UI/menubk2.jpg using Guid(ee861f2b566f69442a509f2f9a5b3cfb) Importer(815301076,1909f56bfc062723c751e8b465ee728b)  -> (artifact id: '92436f5ddb5b89f138296a9b46e94332') in 0.038631 seconds 
  Import took 0.042155 seconds .

========================================================================
Received Import Request.
  Time since last request: 7.606075 seconds.
  path: Assets/UI/menubk2.jpg
  artifactKey: Guid(ee861f2b566f69442a509f2f9a5b3cfb) Importer(815301076,1909f56bfc062723c751e8b465ee728b)
Start importing Assets/UI/menubk2.jpg using Guid(ee861f2b566f69442a509f2f9a5b3cfb) Importer(815301076,1909f56bfc062723c751e8b465ee728b)  -> (artifact id: 'a73b4a9574afdb93444c8f86b60ba1c6') in 0.019016 seconds 
  Import took 0.022440 seconds .

========================================================================
Received Import Request.
  Time since last request: 0.015020 seconds.
  path: Assets/UI/menubk2.jpg
  artifactKey: Guid(ee861f2b566f69442a509f2f9a5b3cfb) Importer(815301076,1909f56bfc062723c751e8b465ee728b)
Start importing Assets/UI/menubk2.jpg using Guid(ee861f2b566f69442a509f2f9a5b3cfb) Importer(815301076,1909f56bfc062723c751e8b465ee728b)  -> (artifact id: 'a73b4a9574afdb93444c8f86b60ba1c6') in 0.021433 seconds 
  Import took 0.024801 seconds .

========================================================================
Received Prepare
Registering precompiled user dll's ...
Registered in 0.022248 seconds.
Begin MonoManager ReloadAssembly
Native extension for WindowsStandalone target not found
Refreshing native plugins compatible for Editor in 1.19 ms, found 2 plugins.
Preloading 0 native plugins for Editor in 0.00 ms.
Mono: successfully reloaded assembly
- Completed reload, in  1.521 seconds
Domain Reload Profiling:
	ReloadAssembly (1522ms)
		BeginReloadAssembly (208ms)
			ExecutionOrderSort (0ms)
			DisableScriptedObjects (4ms)
			BackupInstance (0ms)
			ReleaseScriptingObjects (0ms)
			CreateAndSetChildDomain (34ms)
		EndReloadAssembly (1195ms)
			LoadAssemblies (189ms)
			RebuildTransferFunctionScriptingTraits (0ms)
			SetupTypeCache (329ms)
			ReleaseScriptCaches (1ms)
			RebuildScriptCaches (44ms)
			SetupLoadedEditorAssemblies (523ms)
				LogAssemblyErrors (0ms)
				InitializePlatformSupportModulesInManaged (6ms)
				SetLoadedEditorAssemblies (0ms)
				RefreshPlugins (1ms)
				BeforeProcessingInitializeOnLoad (129ms)
				ProcessInitializeOnLoadAttributes (342ms)
				ProcessInitializeOnLoadMethodAttributes (4ms)
				AfterProcessingInitializeOnLoad (40ms)
				EditorAssembliesLoaded (0ms)
			ExecutionOrderSort2 (0ms)
			AwakeInstancesAfterBackupRestoration (6ms)
Platform modules already initialized, skipping
Switching build target platform(19) subTarget(0) extendedPlatform(0) -> platform(13) subTarget(537395200) extendedPlatform(0)
Refreshing native plugins compatible for Editor in 1.19 ms, found 2 plugins.
Preloading 0 native plugins for Editor in 0.00 ms.
Unloading 1842 Unused Serialized files (Serialized files now loaded: 0)
System memory in use before: 106.8 MB.
System memory in use after: 107.0 MB.

Unloading 14 unused Assets to reduce memory usage. Loaded Objects now: 2328.
Total: 3.528400 ms (FindLiveObjects: 0.219500 ms CreateObjectMapping: 0.047500 ms MarkObjects: 3.237600 ms  DeleteObjects: 0.022300 ms)

AssetImportParameters requested are different than current active one (requested -> active):
  custom:framework-win-MediaFoundation: 216162199b28c13a410421893ffa2e32 -> 
  custom:video-decoder-ogg-theora: a1e56fd34408186e4bbccfd4996cb3dc -> 
  custom:container-muxer-webm: aa71ff27fc2769a1b78a27578f13a17b -> 
  custom:container-demuxer-webm: 4f35f7cbe854078d1ac9338744f61a02 -> 
  custom:container-demuxer-ogg: 62fdf1f143b41e24485cea50d1cbac27 -> 
  custom:video-encoder-webm-vp8: eb34c28f22e8b96e1ab97ce403110664 -> 
  custom:video-decoder-webm-vp8: 9c59270c3fd7afecdb556c50c9e8de78 -> 
  custom:graphics/normal-map-encoding: 01000000000000000000000000000000 -> 02000000000000000000000000000000
  custom:audio-decoder-ogg-vorbis: bf7c407c2cedff20999df2af8eb42d56 -> 
  custom:audio-encoder-webm-vorbis: bf7c407c2cedff20999df2af8eb42d56 -> 
========================================================================
Received Import Request.
  Time since last request: 83.631013 seconds.
  path: Assets/Scenes/GameScene.unity
  artifactKey: Guid(9fc0d4010bbf28b4594072e72b8655ab) Importer(815301076,1909f56bfc062723c751e8b465ee728b)
Start importing Assets/Scenes/GameScene.unity using Guid(9fc0d4010bbf28b4594072e72b8655ab) Importer(815301076,1909f56bfc062723c751e8b465ee728b)  -> (artifact id: '3d848a128649daad7e642a6639a7e25e') in 0.013869 seconds 
  Import took 0.017392 seconds .

========================================================================
Received Import Request.
  Time since last request: 31.880659 seconds.
  path: Assets/Scenes/InitialScene.unity
  artifactKey: Guid(4ca089131b1db1b4a9c91bb4d05c4ecf) Importer(815301076,1909f56bfc062723c751e8b465ee728b)
Start importing Assets/Scenes/InitialScene.unity using Guid(4ca089131b1db1b4a9c91bb4d05c4ecf) Importer(815301076,1909f56bfc062723c751e8b465ee728b)  -> (artifact id: '9ede3f8d154e7cee9fc1bcfa6aa10b85') in 0.005951 seconds 
  Import took 0.009351 seconds .

========================================================================
Received Prepare
Registering precompiled user dll's ...
Registered in 0.015139 seconds.
Begin MonoManager ReloadAssembly
Native extension for WindowsStandalone target not found
Refreshing native plugins compatible for Editor in 1.18 ms, found 2 plugins.
Preloading 0 native plugins for Editor in 0.00 ms.
Mono: successfully reloaded assembly
- Completed reload, in  1.458 seconds
Domain Reload Profiling:
	ReloadAssembly (1458ms)
		BeginReloadAssembly (184ms)
			ExecutionOrderSort (0ms)
			DisableScriptedObjects (4ms)
			BackupInstance (0ms)
			ReleaseScriptingObjects (0ms)
			CreateAndSetChildDomain (31ms)
		EndReloadAssembly (1162ms)
			LoadAssemblies (171ms)
			RebuildTransferFunctionScriptingTraits (0ms)
			SetupTypeCache (299ms)
			ReleaseScriptCaches (1ms)
			RebuildScriptCaches (39ms)
			SetupLoadedEditorAssemblies (506ms)
				LogAssemblyErrors (0ms)
				InitializePlatformSupportModulesInManaged (6ms)
				SetLoadedEditorAssemblies (0ms)
				RefreshPlugins (1ms)
				BeforeProcessingInitializeOnLoad (127ms)
				ProcessInitializeOnLoadAttributes (328ms)
				ProcessInitializeOnLoadMethodAttributes (4ms)
				AfterProcessingInitializeOnLoad (38ms)
				EditorAssembliesLoaded (0ms)
			ExecutionOrderSort2 (0ms)
			AwakeInstancesAfterBackupRestoration (6ms)
Platform modules already initialized, skipping
Switching build target platform(19) subTarget(0) extendedPlatform(0) -> platform(13) subTarget(537395200) extendedPlatform(0)
Refreshing native plugins compatible for Editor in 1.13 ms, found 2 plugins.
Preloading 0 native plugins for Editor in 0.00 ms.
Unloading 1842 Unused Serialized files (Serialized files now loaded: 0)
System memory in use before: 106.9 MB.
System memory in use after: 107.0 MB.

Unloading 14 unused Assets to reduce memory usage. Loaded Objects now: 2330.
Total: 3.398600 ms (FindLiveObjects: 0.205400 ms CreateObjectMapping: 0.047100 ms MarkObjects: 3.122900 ms  DeleteObjects: 0.022000 ms)

AssetImportParameters requested are different than current active one (requested -> active):
  custom:framework-win-MediaFoundation: 216162199b28c13a410421893ffa2e32 -> 
  custom:video-decoder-ogg-theora: a1e56fd34408186e4bbccfd4996cb3dc -> 
  custom:container-muxer-webm: aa71ff27fc2769a1b78a27578f13a17b -> 
  custom:container-demuxer-webm: 4f35f7cbe854078d1ac9338744f61a02 -> 
  custom:container-demuxer-ogg: 62fdf1f143b41e24485cea50d1cbac27 -> 
  custom:video-encoder-webm-vp8: eb34c28f22e8b96e1ab97ce403110664 -> 
  custom:video-decoder-webm-vp8: 9c59270c3fd7afecdb556c50c9e8de78 -> 
  custom:graphics/normal-map-encoding: 01000000000000000000000000000000 -> 02000000000000000000000000000000
  custom:audio-decoder-ogg-vorbis: bf7c407c2cedff20999df2af8eb42d56 -> 
  custom:audio-encoder-webm-vorbis: bf7c407c2cedff20999df2af8eb42d56 -> 
========================================================================
Received Import Request.
  Time since last request: 148.066421 seconds.
  path: Assets/Scenes/InitialScene.unity
  artifactKey: Guid(4ca089131b1db1b4a9c91bb4d05c4ecf) Importer(815301076,1909f56bfc062723c751e8b465ee728b)
Start importing Assets/Scenes/InitialScene.unity using Guid(4ca089131b1db1b4a9c91bb4d05c4ecf) Importer(815301076,1909f56bfc062723c751e8b465ee728b)  -> (artifact id: 'd0dd8c266ae40e9e3fd1f4608ef6e254') in 0.013682 seconds 
  Import took 0.017512 seconds .

========================================================================
Received Import Request.
  Time since last request: 1400.844400 seconds.
  path: Assets/Assets/HelloMarioAssets/HelloMarioAssets.png
  artifactKey: Guid(6ad20b3dc4be9de4392f50c3c6c5540c) Importer(815301076,1909f56bfc062723c751e8b465ee728b)
Start importing Assets/Assets/HelloMarioAssets/HelloMarioAssets.png using Guid(6ad20b3dc4be9de4392f50c3c6c5540c) Importer(815301076,1909f56bfc062723c751e8b465ee728b)  -> (artifact id: '80a08e61e87950ee1d14b7af5ec28b4c') in 0.066984 seconds 
  Import took 0.070547 seconds .

