
=== Sat Jan  1 11:28:31 2022

Packages were changed.
Update Mode: mergeDefaultDependencies

The following packages were added:
  com.unity.2d.animation@5.0.9
  com.unity.2d.sprite@1.0.0
  com.unity.2d.spriteshape@5.1.5

=== Tue Jan  4 11:49:51 2022

Packages were changed.
Update Mode: mergeDefaultDependencies

The following packages were added:
  com.unity.feature.development@1.0.1
  com.unity.learn.iet-framework@2.0.0
  com.unity.live-capture@1.0.1
  com.unity.render-pipelines.high-definition@12.1.0
  com.unity.visualscripting@1.7.2
The following packages were updated:
  com.unity.cinemachine from version 2.6.11 to 2.8.0
  com.unity.ide.rider from version 2.0.7 to 3.0.7
  com.unity.timeline from version 1.4.8 to 1.6.2
